生成启动时间为 2018/7/5 16:58:19。
     1>项目“D:\专业提升\明解C语言练习\数据类型\数据类型\数据类型.vcxproj”在节点 2 上(build 个目标)。
     1>InitializeBuildStatus:
         正在创建“Debug\数据类型.unsuccessfulbuild”，因为已指定“AlwaysCreate”。
       ClCompile:
         C:\Program Files (x86)\Microsoft Visual Studio 10.0\VC\bin\CL.exe /c /ZI /nologo /W3 /WX- /Od /Oy- /D WIN32 /D _DEBUG /D _CONSOLE /D _UNICODE /D UNICODE /Gm /EHsc /RTC1 /MDd /GS /fp:precise /Zc:wchar_t /Zc:forScope /Fo"Debug\\" /Fd"Debug\vc100.pdb" /Gd /TC /analyze- /errorReport:prompt Main.c
         Main.c
     1>d:\专业提升\明解c语言练习\数据类型\数据类型\main.c(19): warning C4996: 'scanf': This function or variable may be unsafe. Consider using scanf_s instead. To disable deprecation, use _CRT_SECURE_NO_WARNINGS. See online help for details.
                 c:\program files (x86)\microsoft visual studio 10.0\vc\include\stdio.h(304) : 参见“scanf”的声明
     1>d:\专业提升\明解c语言练习\数据类型\数据类型\main.c(21): warning C4996: 'scanf': This function or variable may be unsafe. Consider using scanf_s instead. To disable deprecation, use _CRT_SECURE_NO_WARNINGS. See online help for details.
                 c:\program files (x86)\microsoft visual studio 10.0\vc\include\stdio.h(304) : 参见“scanf”的声明
     1>d:\专业提升\明解c语言练习\数据类型\数据类型\main.c(26): warning C4244: “=”: 从“double”转换到“int”，可能丢失数据
     1>d:\专业提升\明解c语言练习\数据类型\数据类型\main.c(35): warning C4996: 'scanf': This function or variable may be unsafe. Consider using scanf_s instead. To disable deprecation, use _CRT_SECURE_NO_WARNINGS. See online help for details.
                 c:\program files (x86)\microsoft visual studio 10.0\vc\include\stdio.h(304) : 参见“scanf”的声明
     1>d:\专业提升\明解c语言练习\数据类型\数据类型\main.c(37): warning C4996: 'scanf': This function or variable may be unsafe. Consider using scanf_s instead. To disable deprecation, use _CRT_SECURE_NO_WARNINGS. See online help for details.
                 c:\program files (x86)\microsoft visual studio 10.0\vc\include\stdio.h(304) : 参见“scanf”的声明
     1>d:\专业提升\明解c语言练习\数据类型\数据类型\main.c(44): warning C4244: “=”: 从“double”转换到“int”，可能丢失数据
     1>d:\专业提升\明解c语言练习\数据类型\数据类型\main.c(45): warning C4244: “=”: 从“double”转换到“int”，可能丢失数据
     1>d:\专业提升\明解c语言练习\数据类型\数据类型\main.c(46): warning C4244: “=”: 从“double”转换到“int”，可能丢失数据
     1>d:\专业提升\明解c语言练习\数据类型\数据类型\main.c(62): warning C4996: 'scanf': This function or variable may be unsafe. Consider using scanf_s instead. To disable deprecation, use _CRT_SECURE_NO_WARNINGS. See online help for details.
                 c:\program files (x86)\microsoft visual studio 10.0\vc\include\stdio.h(304) : 参见“scanf”的声明
     1>d:\专业提升\明解c语言练习\数据类型\数据类型\main.c(64): warning C4996: 'scanf': This function or variable may be unsafe. Consider using scanf_s instead. To disable deprecation, use _CRT_SECURE_NO_WARNINGS. See online help for details.
                 c:\program files (x86)\microsoft visual studio 10.0\vc\include\stdio.h(304) : 参见“scanf”的声明
     1>d:\专业提升\明解c语言练习\数据类型\数据类型\main.c(69): warning C4996: 'scanf': This function or variable may be unsafe. Consider using scanf_s instead. To disable deprecation, use _CRT_SECURE_NO_WARNINGS. See online help for details.
                 c:\program files (x86)\microsoft visual studio 10.0\vc\include\stdio.h(304) : 参见“scanf”的声明
     1>d:\专业提升\明解c语言练习\数据类型\数据类型\main.c(71): warning C4996: 'scanf': This function or variable may be unsafe. Consider using scanf_s instead. To disable deprecation, use _CRT_SECURE_NO_WARNINGS. See online help for details.
                 c:\program files (x86)\microsoft visual studio 10.0\vc\include\stdio.h(304) : 参见“scanf”的声明
     1>d:\专业提升\明解c语言练习\数据类型\数据类型\main.c(73): warning C4996: 'scanf': This function or variable may be unsafe. Consider using scanf_s instead. To disable deprecation, use _CRT_SECURE_NO_WARNINGS. See online help for details.
                 c:\program files (x86)\microsoft visual studio 10.0\vc\include\stdio.h(304) : 参见“scanf”的声明
     1>d:\专业提升\明解c语言练习\数据类型\数据类型\main.c(80): warning C4996: 'scanf': This function or variable may be unsafe. Consider using scanf_s instead. To disable deprecation, use _CRT_SECURE_NO_WARNINGS. See online help for details.
                 c:\program files (x86)\microsoft visual studio 10.0\vc\include\stdio.h(304) : 参见“scanf”的声明
     1>d:\专业提升\明解c语言练习\数据类型\数据类型\main.c(83): warning C4013: “system”未定义；假设外部返回 int
       Link:
         C:\Program Files (x86)\Microsoft Visual Studio 10.0\VC\bin\link.exe /ERRORREPORT:PROMPT /OUT:"D:\专业提升\明解C语言练习\数据类型\Debug\数据类型.exe" /INCREMENTAL /NOLOGO kernel32.lib user32.lib gdi32.lib winspool.lib comdlg32.lib advapi32.lib shell32.lib ole32.lib oleaut32.lib uuid.lib odbc32.lib odbccp32.lib /MANIFEST /ManifestFile:"Debug\数据类型.exe.intermediate.manifest" /MANIFESTUAC:"level='asInvoker' uiAccess='false'" /DEBUG /PDB:"D:\专业提升\明解C语言练习\数据类型\Debug\数据类型.pdb" /SUBSYSTEM:CONSOLE /TLBID:1 /DYNAMICBASE /NXCOMPAT /IMPLIB:"D:\专业提升\明解C语言练习\数据类型\Debug\数据类型.lib" /MACHINE:X86 Debug\Main.obj
         LINK : 没有找到 D:\专业提升\明解C语言练习\数据类型\Debug\数据类型.exe 或上一个增量链接没有生成它；正在执行完全链接
         数据类型.vcxproj -> D:\专业提升\明解C语言练习\数据类型\Debug\数据类型.exe
       Manifest:
         C:\Program Files (x86)\Microsoft SDKs\Windows\v7.0A\bin\mt.exe /nologo /verbose /out:"D:\专业提升\明解C语言练习\数据类型\Debug\数据类型.exe.manifest" /manifest "Debug\数据类型.exe.intermediate.manifest"
       FinalizeBuildStatus:
         正在删除文件“Debug\数据类型.unsuccessfulbuild”。
         正在对“Debug\数据类型.lastbuildstate”执行 Touch 任务。
     1>已完成生成项目“D:\专业提升\明解C语言练习\数据类型\数据类型\数据类型.vcxproj”(build 个目标)的操作。

生成成功。

已用时间 00:00:02.45
